C:\USERS\USER\DESKTOP\SINGAPORE POLYTECHNIC\YEAR 2(CURRENT)\SEMESTER 2(CURRENT)\IGRA\CA3\IGRA1\TASK09B\DEBUG\TASK9B.OBJ
C:\USERS\USER\DESKTOP\SINGAPORE POLYTECHNIC\YEAR 2(CURRENT)\SEMESTER 2(CURRENT)\IGRA\CA3\IGRA1\TASK09B\DEBUG\VC110.PDB
C:\USERS\USER\DESKTOP\SINGAPORE POLYTECHNIC\YEAR 2(CURRENT)\SEMESTER 2(CURRENT)\IGRA\CA3\IGRA1\DEBUG\TASK9B.ILK
C:\USERS\USER\DESKTOP\SINGAPORE POLYTECHNIC\YEAR 2(CURRENT)\SEMESTER 2(CURRENT)\IGRA\CA3\IGRA1\DEBUG\TASK9B.EXE
C:\USERS\USER\DESKTOP\SINGAPORE POLYTECHNIC\YEAR 2(CURRENT)\SEMESTER 2(CURRENT)\IGRA\CA3\IGRA1\DEBUG\TASK9B.PDB
C:\Users\user\Desktop\Singapore Polytechnic\Year 2(Current)\Semester 2(Current)\IGRA\CA3\igra1\Task09b\Debug\Task9b.obj
C:\Users\user\Desktop\Singapore Polytechnic\Year 2(Current)\Semester 2(Current)\IGRA\CA3\igra1\Task09b\Debug\cl.command.1.tlog
C:\Users\user\Desktop\Singapore Polytechnic\Year 2(Current)\Semester 2(Current)\IGRA\CA3\igra1\Task09b\Debug\CL.read.1.tlog
C:\Users\user\Desktop\Singapore Polytechnic\Year 2(Current)\Semester 2(Current)\IGRA\CA3\igra1\Task09b\Debug\CL.write.1.tlog
C:\Users\user\Desktop\Singapore Polytechnic\Year 2(Current)\Semester 2(Current)\IGRA\CA3\igra1\Task09b\Debug\link-cvtres.read.1.tlog
C:\Users\user\Desktop\Singapore Polytechnic\Year 2(Current)\Semester 2(Current)\IGRA\CA3\igra1\Task09b\Debug\link-cvtres.write.1.tlog
C:\Users\user\Desktop\Singapore Polytechnic\Year 2(Current)\Semester 2(Current)\IGRA\CA3\igra1\Task09b\Debug\link-rc.read.1.tlog
C:\Users\user\Desktop\Singapore Polytechnic\Year 2(Current)\Semester 2(Current)\IGRA\CA3\igra1\Task09b\Debug\link-rc.write.1.tlog
C:\Users\user\Desktop\Singapore Polytechnic\Year 2(Current)\Semester 2(Current)\IGRA\CA3\igra1\Task09b\Debug\link.command.1.tlog
C:\Users\user\Desktop\Singapore Polytechnic\Year 2(Current)\Semester 2(Current)\IGRA\CA3\igra1\Task09b\Debug\link.read.1.tlog
C:\Users\user\Desktop\Singapore Polytechnic\Year 2(Current)\Semester 2(Current)\IGRA\CA3\igra1\Task09b\Debug\link.write.1.tlog
C:\Users\user\Desktop\Singapore Polytechnic\Year 2(Current)\Semester 2(Current)\IGRA\CA3\igra1\Task09b\Debug\vc110.idb
C:\Users\user\Desktop\Singapore Polytechnic\Year 2(Current)\Semester 2(Current)\IGRA\CA3\igra1\Task09b\Debug\vc110.pdb
C:\Users\user\Desktop\Singapore Polytechnic\Year 2(Current)\Semester 2(Current)\IGRA\CA3\igra1\Debug\Task9b.pdb
C:\Users\user\Desktop\Singapore Polytechnic\Year 2(Current)\Semester 2(Current)\IGRA\CA3\igra1\Debug\Task9b.exe
C:\Users\user\Desktop\Singapore Polytechnic\Year 2(Current)\Semester 2(Current)\IGRA\CA3\igra1\Debug\Task9b.ilk
