D:\WORK\IGRA1\TASK11\DEBUG\TASK11.OBJ
D:\WORK\IGRA1\TASK11\DEBUG\VC110.PDB
D:\WORK\IGRA1\DEBUG\TASK11.ILK
D:\WORK\IGRA1\DEBUG\TASK11.EXE
D:\WORK\IGRA1\DEBUG\TASK11.PDB
D:\Work\igra1\Task11\Debug\Task11.obj
D:\Work\igra1\Task11\Debug\cl.command.1.tlog
D:\Work\igra1\Task11\Debug\CL.read.1.tlog
D:\Work\igra1\Task11\Debug\CL.write.1.tlog
D:\Work\igra1\Task11\Debug\link-cvtres.read.1.tlog
D:\Work\igra1\Task11\Debug\link-cvtres.write.1.tlog
D:\Work\igra1\Task11\Debug\link-rc.read.1.tlog
D:\Work\igra1\Task11\Debug\link-rc.write.1.tlog
D:\Work\igra1\Task11\Debug\link.3324-cvtres.read.1.tlog
D:\Work\igra1\Task11\Debug\link.3324-cvtres.write.1.tlog
D:\Work\igra1\Task11\Debug\link.3324-rc.read.1.tlog
D:\Work\igra1\Task11\Debug\link.3324-rc.write.1.tlog
D:\Work\igra1\Task11\Debug\link.3324.read.1.tlog
D:\Work\igra1\Task11\Debug\link.3324.write.1.tlog
D:\Work\igra1\Task11\Debug\link.3360-cvtres.read.1.tlog
D:\Work\igra1\Task11\Debug\link.3360-cvtres.write.1.tlog
D:\Work\igra1\Task11\Debug\link.3360-rc.read.1.tlog
D:\Work\igra1\Task11\Debug\link.3360-rc.write.1.tlog
D:\Work\igra1\Task11\Debug\link.3360.read.1.tlog
D:\Work\igra1\Task11\Debug\link.3360.write.1.tlog
D:\Work\igra1\Task11\Debug\link.4588-cvtres.read.1.tlog
D:\Work\igra1\Task11\Debug\link.4588-cvtres.write.1.tlog
D:\Work\igra1\Task11\Debug\link.4588-rc.read.1.tlog
D:\Work\igra1\Task11\Debug\link.4588-rc.write.1.tlog
D:\Work\igra1\Task11\Debug\link.4588.read.1.tlog
D:\Work\igra1\Task11\Debug\link.4588.write.1.tlog
D:\Work\igra1\Task11\Debug\link.5376-cvtres.read.1.tlog
D:\Work\igra1\Task11\Debug\link.5376-cvtres.write.1.tlog
D:\Work\igra1\Task11\Debug\link.5376-rc.read.1.tlog
D:\Work\igra1\Task11\Debug\link.5376-rc.write.1.tlog
D:\Work\igra1\Task11\Debug\link.5376.read.1.tlog
D:\Work\igra1\Task11\Debug\link.5376.write.1.tlog
D:\Work\igra1\Task11\Debug\link.6236-cvtres.read.1.tlog
D:\Work\igra1\Task11\Debug\link.6236-cvtres.write.1.tlog
D:\Work\igra1\Task11\Debug\link.6236-rc.read.1.tlog
D:\Work\igra1\Task11\Debug\link.6236-rc.write.1.tlog
D:\Work\igra1\Task11\Debug\link.6236.read.1.tlog
D:\Work\igra1\Task11\Debug\link.6236.write.1.tlog
D:\Work\igra1\Task11\Debug\link.7044-cvtres.read.1.tlog
D:\Work\igra1\Task11\Debug\link.7044-cvtres.write.1.tlog
D:\Work\igra1\Task11\Debug\link.7044-rc.read.1.tlog
D:\Work\igra1\Task11\Debug\link.7044-rc.write.1.tlog
D:\Work\igra1\Task11\Debug\link.7044.read.1.tlog
D:\Work\igra1\Task11\Debug\link.7044.write.1.tlog
D:\Work\igra1\Task11\Debug\link.7416-cvtres.read.1.tlog
D:\Work\igra1\Task11\Debug\link.7416-cvtres.write.1.tlog
D:\Work\igra1\Task11\Debug\link.7416-rc.read.1.tlog
D:\Work\igra1\Task11\Debug\link.7416-rc.write.1.tlog
D:\Work\igra1\Task11\Debug\link.7416.read.1.tlog
D:\Work\igra1\Task11\Debug\link.7416.write.1.tlog
D:\Work\igra1\Task11\Debug\link.7420-cvtres.read.1.tlog
D:\Work\igra1\Task11\Debug\link.7420-cvtres.write.1.tlog
D:\Work\igra1\Task11\Debug\link.7420-rc.read.1.tlog
D:\Work\igra1\Task11\Debug\link.7420-rc.write.1.tlog
D:\Work\igra1\Task11\Debug\link.7420.read.1.tlog
D:\Work\igra1\Task11\Debug\link.7420.write.1.tlog
D:\Work\igra1\Task11\Debug\link.7560-cvtres.read.1.tlog
D:\Work\igra1\Task11\Debug\link.7560-cvtres.write.1.tlog
D:\Work\igra1\Task11\Debug\link.7560-rc.read.1.tlog
D:\Work\igra1\Task11\Debug\link.7560-rc.write.1.tlog
D:\Work\igra1\Task11\Debug\link.7560.read.1.tlog
D:\Work\igra1\Task11\Debug\link.7560.write.1.tlog
D:\Work\igra1\Task11\Debug\link.7676-cvtres.read.1.tlog
D:\Work\igra1\Task11\Debug\link.7676-cvtres.write.1.tlog
D:\Work\igra1\Task11\Debug\link.7676-rc.read.1.tlog
D:\Work\igra1\Task11\Debug\link.7676-rc.write.1.tlog
D:\Work\igra1\Task11\Debug\link.7676.read.1.tlog
D:\Work\igra1\Task11\Debug\link.7676.write.1.tlog
D:\Work\igra1\Task11\Debug\link.7956-cvtres.read.1.tlog
D:\Work\igra1\Task11\Debug\link.7956-cvtres.write.1.tlog
D:\Work\igra1\Task11\Debug\link.7956-rc.read.1.tlog
D:\Work\igra1\Task11\Debug\link.7956-rc.write.1.tlog
D:\Work\igra1\Task11\Debug\link.7956.read.1.tlog
D:\Work\igra1\Task11\Debug\link.7956.write.1.tlog
D:\Work\igra1\Task11\Debug\link.8040-cvtres.read.1.tlog
D:\Work\igra1\Task11\Debug\link.8040-cvtres.write.1.tlog
D:\Work\igra1\Task11\Debug\link.8040-rc.read.1.tlog
D:\Work\igra1\Task11\Debug\link.8040-rc.write.1.tlog
D:\Work\igra1\Task11\Debug\link.8040.read.1.tlog
D:\Work\igra1\Task11\Debug\link.8040.write.1.tlog
D:\Work\igra1\Task11\Debug\link.8444-cvtres.read.1.tlog
D:\Work\igra1\Task11\Debug\link.8444-cvtres.write.1.tlog
D:\Work\igra1\Task11\Debug\link.8444-rc.read.1.tlog
D:\Work\igra1\Task11\Debug\link.8444-rc.write.1.tlog
D:\Work\igra1\Task11\Debug\link.8444.read.1.tlog
D:\Work\igra1\Task11\Debug\link.8444.write.1.tlog
D:\Work\igra1\Task11\Debug\link.8460-cvtres.read.1.tlog
D:\Work\igra1\Task11\Debug\link.8460-cvtres.write.1.tlog
D:\Work\igra1\Task11\Debug\link.8460-rc.read.1.tlog
D:\Work\igra1\Task11\Debug\link.8460-rc.write.1.tlog
D:\Work\igra1\Task11\Debug\link.8460.read.1.tlog
D:\Work\igra1\Task11\Debug\link.8460.write.1.tlog
D:\Work\igra1\Task11\Debug\link.8612-cvtres.read.1.tlog
D:\Work\igra1\Task11\Debug\link.8612-cvtres.write.1.tlog
D:\Work\igra1\Task11\Debug\link.8612-rc.read.1.tlog
D:\Work\igra1\Task11\Debug\link.8612-rc.write.1.tlog
D:\Work\igra1\Task11\Debug\link.8612.read.1.tlog
D:\Work\igra1\Task11\Debug\link.8612.write.1.tlog
D:\Work\igra1\Task11\Debug\link.9112-cvtres.read.1.tlog
D:\Work\igra1\Task11\Debug\link.9112-cvtres.write.1.tlog
D:\Work\igra1\Task11\Debug\link.9112-rc.read.1.tlog
D:\Work\igra1\Task11\Debug\link.9112-rc.write.1.tlog
D:\Work\igra1\Task11\Debug\link.9112.read.1.tlog
D:\Work\igra1\Task11\Debug\link.9112.write.1.tlog
D:\Work\igra1\Task11\Debug\link.9200-cvtres.read.1.tlog
D:\Work\igra1\Task11\Debug\link.9200-cvtres.write.1.tlog
D:\Work\igra1\Task11\Debug\link.9200-rc.read.1.tlog
D:\Work\igra1\Task11\Debug\link.9200-rc.write.1.tlog
D:\Work\igra1\Task11\Debug\link.9200.read.1.tlog
D:\Work\igra1\Task11\Debug\link.9200.write.1.tlog
D:\Work\igra1\Task11\Debug\link.command.1.tlog
D:\Work\igra1\Task11\Debug\link.read.1.tlog
D:\Work\igra1\Task11\Debug\link.write.1.tlog
D:\Work\igra1\Task11\Debug\vc110.idb
D:\Work\igra1\Task11\Debug\vc110.pdb
D:\Work\igra1\Debug\Task11.pdb
D:\Work\igra1\Debug\Task11.exe
D:\Work\igra1\Debug\Task11.ilk
