C:\USERS\USER\DESKTOP\SINGAPORE POLYTECHNIC\YEAR 2(CURRENT)\SEMESTER 2(CURRENT)\IGRA\TEMP\IGRA1\TASK08\DEBUG\TASK8.OBJ
C:\USERS\USER\DESKTOP\SINGAPORE POLYTECHNIC\YEAR 2(CURRENT)\SEMESTER 2(CURRENT)\IGRA\TEMP\IGRA1\TASK08\DEBUG\VC110.PDB
C:\USERS\USER\DESKTOP\SINGAPORE POLYTECHNIC\YEAR 2(CURRENT)\SEMESTER 2(CURRENT)\IGRA\TEMP\IGRA1\DEBUG\TASK8.ILK
C:\USERS\USER\DESKTOP\SINGAPORE POLYTECHNIC\YEAR 2(CURRENT)\SEMESTER 2(CURRENT)\IGRA\TEMP\IGRA1\DEBUG\TASK8.EXE
C:\USERS\USER\DESKTOP\SINGAPORE POLYTECHNIC\YEAR 2(CURRENT)\SEMESTER 2(CURRENT)\IGRA\TEMP\IGRA1\DEBUG\TASK8.PDB
C:\Users\user\Desktop\Singapore Polytechnic\Year 2(Current)\Semester 2(Current)\IGRA\Temp\igra1\Task08\Debug\Task8.vcxprojResolveAssemblyReference.cache
C:\Users\user\Desktop\Singapore Polytechnic\Year 2(Current)\Semester 2(Current)\IGRA\Temp\igra1\Task08\Debug\Task8.obj
C:\Users\user\Desktop\Singapore Polytechnic\Year 2(Current)\Semester 2(Current)\IGRA\Temp\igra1\Task08\Debug\cl.command.1.tlog
C:\Users\user\Desktop\Singapore Polytechnic\Year 2(Current)\Semester 2(Current)\IGRA\Temp\igra1\Task08\Debug\CL.read.1.tlog
C:\Users\user\Desktop\Singapore Polytechnic\Year 2(Current)\Semester 2(Current)\IGRA\Temp\igra1\Task08\Debug\CL.write.1.tlog
C:\Users\user\Desktop\Singapore Polytechnic\Year 2(Current)\Semester 2(Current)\IGRA\Temp\igra1\Task08\Debug\link-cvtres.read.1.tlog
C:\Users\user\Desktop\Singapore Polytechnic\Year 2(Current)\Semester 2(Current)\IGRA\Temp\igra1\Task08\Debug\link-cvtres.write.1.tlog
C:\Users\user\Desktop\Singapore Polytechnic\Year 2(Current)\Semester 2(Current)\IGRA\Temp\igra1\Task08\Debug\link-rc.read.1.tlog
C:\Users\user\Desktop\Singapore Polytechnic\Year 2(Current)\Semester 2(Current)\IGRA\Temp\igra1\Task08\Debug\link-rc.write.1.tlog
C:\Users\user\Desktop\Singapore Polytechnic\Year 2(Current)\Semester 2(Current)\IGRA\Temp\igra1\Task08\Debug\link.11936-cvtres.read.1.tlog
C:\Users\user\Desktop\Singapore Polytechnic\Year 2(Current)\Semester 2(Current)\IGRA\Temp\igra1\Task08\Debug\link.11936-cvtres.write.1.tlog
C:\Users\user\Desktop\Singapore Polytechnic\Year 2(Current)\Semester 2(Current)\IGRA\Temp\igra1\Task08\Debug\link.11936-rc.read.1.tlog
C:\Users\user\Desktop\Singapore Polytechnic\Year 2(Current)\Semester 2(Current)\IGRA\Temp\igra1\Task08\Debug\link.11936-rc.write.1.tlog
C:\Users\user\Desktop\Singapore Polytechnic\Year 2(Current)\Semester 2(Current)\IGRA\Temp\igra1\Task08\Debug\link.11936.read.1.tlog
C:\Users\user\Desktop\Singapore Polytechnic\Year 2(Current)\Semester 2(Current)\IGRA\Temp\igra1\Task08\Debug\link.11936.write.1.tlog
C:\Users\user\Desktop\Singapore Polytechnic\Year 2(Current)\Semester 2(Current)\IGRA\Temp\igra1\Task08\Debug\link.12168-cvtres.read.1.tlog
C:\Users\user\Desktop\Singapore Polytechnic\Year 2(Current)\Semester 2(Current)\IGRA\Temp\igra1\Task08\Debug\link.12168-cvtres.write.1.tlog
C:\Users\user\Desktop\Singapore Polytechnic\Year 2(Current)\Semester 2(Current)\IGRA\Temp\igra1\Task08\Debug\link.12168-rc.read.1.tlog
C:\Users\user\Desktop\Singapore Polytechnic\Year 2(Current)\Semester 2(Current)\IGRA\Temp\igra1\Task08\Debug\link.12168-rc.write.1.tlog
C:\Users\user\Desktop\Singapore Polytechnic\Year 2(Current)\Semester 2(Current)\IGRA\Temp\igra1\Task08\Debug\link.12168.read.1.tlog
C:\Users\user\Desktop\Singapore Polytechnic\Year 2(Current)\Semester 2(Current)\IGRA\Temp\igra1\Task08\Debug\link.12168.write.1.tlog
C:\Users\user\Desktop\Singapore Polytechnic\Year 2(Current)\Semester 2(Current)\IGRA\Temp\igra1\Task08\Debug\link.12268-cvtres.read.1.tlog
C:\Users\user\Desktop\Singapore Polytechnic\Year 2(Current)\Semester 2(Current)\IGRA\Temp\igra1\Task08\Debug\link.12268-cvtres.write.1.tlog
C:\Users\user\Desktop\Singapore Polytechnic\Year 2(Current)\Semester 2(Current)\IGRA\Temp\igra1\Task08\Debug\link.12268-rc.read.1.tlog
C:\Users\user\Desktop\Singapore Polytechnic\Year 2(Current)\Semester 2(Current)\IGRA\Temp\igra1\Task08\Debug\link.12268-rc.write.1.tlog
C:\Users\user\Desktop\Singapore Polytechnic\Year 2(Current)\Semester 2(Current)\IGRA\Temp\igra1\Task08\Debug\link.12268.read.1.tlog
C:\Users\user\Desktop\Singapore Polytechnic\Year 2(Current)\Semester 2(Current)\IGRA\Temp\igra1\Task08\Debug\link.12268.write.1.tlog
C:\Users\user\Desktop\Singapore Polytechnic\Year 2(Current)\Semester 2(Current)\IGRA\Temp\igra1\Task08\Debug\link.12600-cvtres.read.1.tlog
C:\Users\user\Desktop\Singapore Polytechnic\Year 2(Current)\Semester 2(Current)\IGRA\Temp\igra1\Task08\Debug\link.12600-cvtres.write.1.tlog
C:\Users\user\Desktop\Singapore Polytechnic\Year 2(Current)\Semester 2(Current)\IGRA\Temp\igra1\Task08\Debug\link.12600-rc.read.1.tlog
C:\Users\user\Desktop\Singapore Polytechnic\Year 2(Current)\Semester 2(Current)\IGRA\Temp\igra1\Task08\Debug\link.12600-rc.write.1.tlog
C:\Users\user\Desktop\Singapore Polytechnic\Year 2(Current)\Semester 2(Current)\IGRA\Temp\igra1\Task08\Debug\link.12600.read.1.tlog
C:\Users\user\Desktop\Singapore Polytechnic\Year 2(Current)\Semester 2(Current)\IGRA\Temp\igra1\Task08\Debug\link.12600.write.1.tlog
C:\Users\user\Desktop\Singapore Polytechnic\Year 2(Current)\Semester 2(Current)\IGRA\Temp\igra1\Task08\Debug\link.12656-cvtres.read.1.tlog
C:\Users\user\Desktop\Singapore Polytechnic\Year 2(Current)\Semester 2(Current)\IGRA\Temp\igra1\Task08\Debug\link.12656-cvtres.write.1.tlog
C:\Users\user\Desktop\Singapore Polytechnic\Year 2(Current)\Semester 2(Current)\IGRA\Temp\igra1\Task08\Debug\link.12656-rc.read.1.tlog
C:\Users\user\Desktop\Singapore Polytechnic\Year 2(Current)\Semester 2(Current)\IGRA\Temp\igra1\Task08\Debug\link.12656-rc.write.1.tlog
C:\Users\user\Desktop\Singapore Polytechnic\Year 2(Current)\Semester 2(Current)\IGRA\Temp\igra1\Task08\Debug\link.12656.read.1.tlog
C:\Users\user\Desktop\Singapore Polytechnic\Year 2(Current)\Semester 2(Current)\IGRA\Temp\igra1\Task08\Debug\link.12656.write.1.tlog
C:\Users\user\Desktop\Singapore Polytechnic\Year 2(Current)\Semester 2(Current)\IGRA\Temp\igra1\Task08\Debug\link.1544-cvtres.read.1.tlog
C:\Users\user\Desktop\Singapore Polytechnic\Year 2(Current)\Semester 2(Current)\IGRA\Temp\igra1\Task08\Debug\link.1544-cvtres.write.1.tlog
C:\Users\user\Desktop\Singapore Polytechnic\Year 2(Current)\Semester 2(Current)\IGRA\Temp\igra1\Task08\Debug\link.1544-rc.read.1.tlog
C:\Users\user\Desktop\Singapore Polytechnic\Year 2(Current)\Semester 2(Current)\IGRA\Temp\igra1\Task08\Debug\link.1544-rc.write.1.tlog
C:\Users\user\Desktop\Singapore Polytechnic\Year 2(Current)\Semester 2(Current)\IGRA\Temp\igra1\Task08\Debug\link.1544.read.1.tlog
C:\Users\user\Desktop\Singapore Polytechnic\Year 2(Current)\Semester 2(Current)\IGRA\Temp\igra1\Task08\Debug\link.1544.write.1.tlog
C:\Users\user\Desktop\Singapore Polytechnic\Year 2(Current)\Semester 2(Current)\IGRA\Temp\igra1\Task08\Debug\link.308-cvtres.read.1.tlog
C:\Users\user\Desktop\Singapore Polytechnic\Year 2(Current)\Semester 2(Current)\IGRA\Temp\igra1\Task08\Debug\link.308-cvtres.write.1.tlog
C:\Users\user\Desktop\Singapore Polytechnic\Year 2(Current)\Semester 2(Current)\IGRA\Temp\igra1\Task08\Debug\link.308-rc.read.1.tlog
C:\Users\user\Desktop\Singapore Polytechnic\Year 2(Current)\Semester 2(Current)\IGRA\Temp\igra1\Task08\Debug\link.308-rc.write.1.tlog
C:\Users\user\Desktop\Singapore Polytechnic\Year 2(Current)\Semester 2(Current)\IGRA\Temp\igra1\Task08\Debug\link.308.read.1.tlog
C:\Users\user\Desktop\Singapore Polytechnic\Year 2(Current)\Semester 2(Current)\IGRA\Temp\igra1\Task08\Debug\link.308.write.1.tlog
C:\Users\user\Desktop\Singapore Polytechnic\Year 2(Current)\Semester 2(Current)\IGRA\Temp\igra1\Task08\Debug\link.3480-cvtres.read.1.tlog
C:\Users\user\Desktop\Singapore Polytechnic\Year 2(Current)\Semester 2(Current)\IGRA\Temp\igra1\Task08\Debug\link.3480-cvtres.write.1.tlog
C:\Users\user\Desktop\Singapore Polytechnic\Year 2(Current)\Semester 2(Current)\IGRA\Temp\igra1\Task08\Debug\link.3480-rc.read.1.tlog
C:\Users\user\Desktop\Singapore Polytechnic\Year 2(Current)\Semester 2(Current)\IGRA\Temp\igra1\Task08\Debug\link.3480-rc.write.1.tlog
C:\Users\user\Desktop\Singapore Polytechnic\Year 2(Current)\Semester 2(Current)\IGRA\Temp\igra1\Task08\Debug\link.3480.read.1.tlog
C:\Users\user\Desktop\Singapore Polytechnic\Year 2(Current)\Semester 2(Current)\IGRA\Temp\igra1\Task08\Debug\link.3480.write.1.tlog
C:\Users\user\Desktop\Singapore Polytechnic\Year 2(Current)\Semester 2(Current)\IGRA\Temp\igra1\Task08\Debug\link.6160-cvtres.read.1.tlog
C:\Users\user\Desktop\Singapore Polytechnic\Year 2(Current)\Semester 2(Current)\IGRA\Temp\igra1\Task08\Debug\link.6160-cvtres.write.1.tlog
C:\Users\user\Desktop\Singapore Polytechnic\Year 2(Current)\Semester 2(Current)\IGRA\Temp\igra1\Task08\Debug\link.6160-rc.read.1.tlog
C:\Users\user\Desktop\Singapore Polytechnic\Year 2(Current)\Semester 2(Current)\IGRA\Temp\igra1\Task08\Debug\link.6160-rc.write.1.tlog
C:\Users\user\Desktop\Singapore Polytechnic\Year 2(Current)\Semester 2(Current)\IGRA\Temp\igra1\Task08\Debug\link.6160.read.1.tlog
C:\Users\user\Desktop\Singapore Polytechnic\Year 2(Current)\Semester 2(Current)\IGRA\Temp\igra1\Task08\Debug\link.6160.write.1.tlog
C:\Users\user\Desktop\Singapore Polytechnic\Year 2(Current)\Semester 2(Current)\IGRA\Temp\igra1\Task08\Debug\link.6636-cvtres.read.1.tlog
C:\Users\user\Desktop\Singapore Polytechnic\Year 2(Current)\Semester 2(Current)\IGRA\Temp\igra1\Task08\Debug\link.6636-cvtres.write.1.tlog
C:\Users\user\Desktop\Singapore Polytechnic\Year 2(Current)\Semester 2(Current)\IGRA\Temp\igra1\Task08\Debug\link.6636-rc.read.1.tlog
C:\Users\user\Desktop\Singapore Polytechnic\Year 2(Current)\Semester 2(Current)\IGRA\Temp\igra1\Task08\Debug\link.6636-rc.write.1.tlog
C:\Users\user\Desktop\Singapore Polytechnic\Year 2(Current)\Semester 2(Current)\IGRA\Temp\igra1\Task08\Debug\link.6636.read.1.tlog
C:\Users\user\Desktop\Singapore Polytechnic\Year 2(Current)\Semester 2(Current)\IGRA\Temp\igra1\Task08\Debug\link.6636.write.1.tlog
C:\Users\user\Desktop\Singapore Polytechnic\Year 2(Current)\Semester 2(Current)\IGRA\Temp\igra1\Task08\Debug\link.7724-cvtres.read.1.tlog
C:\Users\user\Desktop\Singapore Polytechnic\Year 2(Current)\Semester 2(Current)\IGRA\Temp\igra1\Task08\Debug\link.7724-cvtres.write.1.tlog
C:\Users\user\Desktop\Singapore Polytechnic\Year 2(Current)\Semester 2(Current)\IGRA\Temp\igra1\Task08\Debug\link.7724-rc.read.1.tlog
C:\Users\user\Desktop\Singapore Polytechnic\Year 2(Current)\Semester 2(Current)\IGRA\Temp\igra1\Task08\Debug\link.7724-rc.write.1.tlog
C:\Users\user\Desktop\Singapore Polytechnic\Year 2(Current)\Semester 2(Current)\IGRA\Temp\igra1\Task08\Debug\link.7724.read.1.tlog
C:\Users\user\Desktop\Singapore Polytechnic\Year 2(Current)\Semester 2(Current)\IGRA\Temp\igra1\Task08\Debug\link.7724.write.1.tlog
C:\Users\user\Desktop\Singapore Polytechnic\Year 2(Current)\Semester 2(Current)\IGRA\Temp\igra1\Task08\Debug\link.8608-cvtres.read.1.tlog
C:\Users\user\Desktop\Singapore Polytechnic\Year 2(Current)\Semester 2(Current)\IGRA\Temp\igra1\Task08\Debug\link.8608-cvtres.write.1.tlog
C:\Users\user\Desktop\Singapore Polytechnic\Year 2(Current)\Semester 2(Current)\IGRA\Temp\igra1\Task08\Debug\link.8608-rc.read.1.tlog
C:\Users\user\Desktop\Singapore Polytechnic\Year 2(Current)\Semester 2(Current)\IGRA\Temp\igra1\Task08\Debug\link.8608-rc.write.1.tlog
C:\Users\user\Desktop\Singapore Polytechnic\Year 2(Current)\Semester 2(Current)\IGRA\Temp\igra1\Task08\Debug\link.8608.read.1.tlog
C:\Users\user\Desktop\Singapore Polytechnic\Year 2(Current)\Semester 2(Current)\IGRA\Temp\igra1\Task08\Debug\link.8608.write.1.tlog
C:\Users\user\Desktop\Singapore Polytechnic\Year 2(Current)\Semester 2(Current)\IGRA\Temp\igra1\Task08\Debug\link.9768-cvtres.read.1.tlog
C:\Users\user\Desktop\Singapore Polytechnic\Year 2(Current)\Semester 2(Current)\IGRA\Temp\igra1\Task08\Debug\link.9768-cvtres.write.1.tlog
C:\Users\user\Desktop\Singapore Polytechnic\Year 2(Current)\Semester 2(Current)\IGRA\Temp\igra1\Task08\Debug\link.9768-rc.read.1.tlog
C:\Users\user\Desktop\Singapore Polytechnic\Year 2(Current)\Semester 2(Current)\IGRA\Temp\igra1\Task08\Debug\link.9768-rc.write.1.tlog
C:\Users\user\Desktop\Singapore Polytechnic\Year 2(Current)\Semester 2(Current)\IGRA\Temp\igra1\Task08\Debug\link.9768.read.1.tlog
C:\Users\user\Desktop\Singapore Polytechnic\Year 2(Current)\Semester 2(Current)\IGRA\Temp\igra1\Task08\Debug\link.9768.write.1.tlog
C:\Users\user\Desktop\Singapore Polytechnic\Year 2(Current)\Semester 2(Current)\IGRA\Temp\igra1\Task08\Debug\link.9832-cvtres.read.1.tlog
C:\Users\user\Desktop\Singapore Polytechnic\Year 2(Current)\Semester 2(Current)\IGRA\Temp\igra1\Task08\Debug\link.9832-cvtres.write.1.tlog
C:\Users\user\Desktop\Singapore Polytechnic\Year 2(Current)\Semester 2(Current)\IGRA\Temp\igra1\Task08\Debug\link.9832-rc.read.1.tlog
C:\Users\user\Desktop\Singapore Polytechnic\Year 2(Current)\Semester 2(Current)\IGRA\Temp\igra1\Task08\Debug\link.9832-rc.write.1.tlog
C:\Users\user\Desktop\Singapore Polytechnic\Year 2(Current)\Semester 2(Current)\IGRA\Temp\igra1\Task08\Debug\link.9832.read.1.tlog
C:\Users\user\Desktop\Singapore Polytechnic\Year 2(Current)\Semester 2(Current)\IGRA\Temp\igra1\Task08\Debug\link.9832.write.1.tlog
C:\Users\user\Desktop\Singapore Polytechnic\Year 2(Current)\Semester 2(Current)\IGRA\Temp\igra1\Task08\Debug\link.command.1.tlog
C:\Users\user\Desktop\Singapore Polytechnic\Year 2(Current)\Semester 2(Current)\IGRA\Temp\igra1\Task08\Debug\link.read.1.tlog
C:\Users\user\Desktop\Singapore Polytechnic\Year 2(Current)\Semester 2(Current)\IGRA\Temp\igra1\Task08\Debug\link.write.1.tlog
C:\Users\user\Desktop\Singapore Polytechnic\Year 2(Current)\Semester 2(Current)\IGRA\Temp\igra1\Task08\Debug\vc110.idb
C:\Users\user\Desktop\Singapore Polytechnic\Year 2(Current)\Semester 2(Current)\IGRA\Temp\igra1\Task08\Debug\vc110.pdb
C:\Users\user\Desktop\Singapore Polytechnic\Year 2(Current)\Semester 2(Current)\IGRA\Temp\igra1\Debug\Task8.pdb
C:\Users\user\Desktop\Singapore Polytechnic\Year 2(Current)\Semester 2(Current)\IGRA\Temp\igra1\Debug\Task8.exe
C:\Users\user\Desktop\Singapore Polytechnic\Year 2(Current)\Semester 2(Current)\IGRA\Temp\igra1\Debug\Task8.ilk
