C:\USERS\KENNY\DOCUMENTS\IGRA-CA3-ADAM-KENNY\IGRA1\IGRA1\DEBUG\DRAW3D.OBJ
C:\USERS\KENNY\DOCUMENTS\IGRA-CA3-ADAM-KENNY\IGRA1\IGRA1\DEBUG\GEOMETRYGENERATOR.OBJ
C:\USERS\KENNY\DOCUMENTS\IGRA-CA3-ADAM-KENNY\IGRA1\IGRA1\DEBUG\IGRAAPP.OBJ
C:\USERS\KENNY\DOCUMENTS\IGRA-CA3-ADAM-KENNY\IGRA1\IGRA1\DEBUG\IGRAUTILS.OBJ
C:\USERS\KENNY\DOCUMENTS\IGRA-CA3-ADAM-KENNY\IGRA1\IGRA1\DEBUG\MODELLOAD.OBJ
C:\USERS\KENNY\DOCUMENTS\IGRA-CA3-ADAM-KENNY\IGRA1\IGRA1\DEBUG\MODELOBJ.OBJ
C:\USERS\KENNY\DOCUMENTS\IGRA-CA3-ADAM-KENNY\IGRA1\IGRA1\DEBUG\NODE.OBJ
C:\USERS\KENNY\DOCUMENTS\IGRA-CA3-ADAM-KENNY\IGRA1\IGRA1\DEBUG\SHADERMANAGER.OBJ
C:\USERS\KENNY\DOCUMENTS\IGRA-CA3-ADAM-KENNY\IGRA1\IGRA1\DEBUG\TERRAIN.OBJ
C:\USERS\KENNY\DOCUMENTS\IGRA-CA3-ADAM-KENNY\IGRA1\IGRA1\DEBUG\VC110.PDB
C:\USERS\KENNY\DOCUMENTS\IGRA-CA3-ADAM-KENNY\IGRA1\CONTENT\SHADERS\PS_COLOURED.CSO
C:\USERS\KENNY\DOCUMENTS\IGRA-CA3-ADAM-KENNY\IGRA1\CONTENT\SHADERS\VS_COLOURED.CSO
C:\USERS\KENNY\DOCUMENTS\IGRA-CA3-ADAM-KENNY\IGRA1\CONTENT\SHADERS\VS_COLOURED3D.CSO
C:\USERS\KENNY\DOCUMENTS\IGRA-CA3-ADAM-KENNY\IGRA1\CONTENT\SHADERS\PS_DIRLIGHT.CSO
C:\USERS\KENNY\DOCUMENTS\IGRA-CA3-ADAM-KENNY\IGRA1\CONTENT\SHADERS\PS_DUMMYLIGHT.CSO
C:\USERS\KENNY\DOCUMENTS\IGRA-CA3-ADAM-KENNY\IGRA1\CONTENT\SHADERS\PS_SKYBOX.CSO
C:\USERS\KENNY\DOCUMENTS\IGRA-CA3-ADAM-KENNY\IGRA1\CONTENT\SHADERS\PS_TERRAINBASIC.CSO
C:\USERS\KENNY\DOCUMENTS\IGRA-CA3-ADAM-KENNY\IGRA1\CONTENT\SHADERS\PS_TERRAINMULTI.CSO
C:\USERS\KENNY\DOCUMENTS\IGRA-CA3-ADAM-KENNY\IGRA1\CONTENT\SHADERS\PS_UNLIT.CSO
C:\USERS\KENNY\DOCUMENTS\IGRA-CA3-ADAM-KENNY\IGRA1\CONTENT\SHADERS\VS_DEFAULT.CSO
C:\USERS\KENNY\DOCUMENTS\IGRA-CA3-ADAM-KENNY\IGRA1\CONTENT\SHADERS\VS_SKYBOX.CSO
C:\USERS\KENNY\DOCUMENTS\IGRA-CA3-ADAM-KENNY\IGRA1\CONTENT\SHADERS\VS_TERRAIN.CSO
C:\Users\Kenny\Documents\IGRA-CA3-ADAM-KENNY\igra1\Content\Shaders\PS_Coloured.cso
C:\Users\Kenny\Documents\IGRA-CA3-ADAM-KENNY\igra1\Content\Shaders\VS_Coloured.cso
C:\Users\Kenny\Documents\IGRA-CA3-ADAM-KENNY\igra1\Content\Shaders\VS_Coloured3D.cso
C:\Users\Kenny\Documents\IGRA-CA3-ADAM-KENNY\igra1\Content\Shaders\PS_DirLight.cso
C:\Users\Kenny\Documents\IGRA-CA3-ADAM-KENNY\igra1\Content\Shaders\PS_DummyLight.cso
C:\Users\Kenny\Documents\IGRA-CA3-ADAM-KENNY\igra1\Content\Shaders\PS_skybox.cso
C:\Users\Kenny\Documents\IGRA-CA3-ADAM-KENNY\igra1\Content\Shaders\PS_TerrainBasic.cso
C:\Users\Kenny\Documents\IGRA-CA3-ADAM-KENNY\igra1\Content\Shaders\PS_TerrainMulti.cso
C:\Users\Kenny\Documents\IGRA-CA3-ADAM-KENNY\igra1\Content\Shaders\PS_unlit.cso
C:\Users\Kenny\Documents\IGRA-CA3-ADAM-KENNY\igra1\Content\Shaders\VS_default.cso
C:\Users\Kenny\Documents\IGRA-CA3-ADAM-KENNY\igra1\Content\Shaders\VS_skybox.cso
C:\Users\Kenny\Documents\IGRA-CA3-ADAM-KENNY\igra1\Content\Shaders\VS_Terrain.cso
C:\USERS\KENNY\DOCUMENTS\IGRA-CA3-ADAM-KENNY\IGRA1\DEBUG\IGRA1.LIB
C:\Users\Kenny\Documents\IGRA-CA3-ADAM-KENNY\igra1\igra1\Debug\Draw3D.obj
C:\Users\Kenny\Documents\IGRA-CA3-ADAM-KENNY\igra1\igra1\Debug\GeometryGenerator.obj
C:\Users\Kenny\Documents\IGRA-CA3-ADAM-KENNY\igra1\igra1\Debug\IgraApp.obj
C:\Users\Kenny\Documents\IGRA-CA3-ADAM-KENNY\igra1\igra1\Debug\IgraUtils.obj
C:\Users\Kenny\Documents\IGRA-CA3-ADAM-KENNY\igra1\igra1\Debug\ModelLoad.obj
C:\Users\Kenny\Documents\IGRA-CA3-ADAM-KENNY\igra1\igra1\Debug\ModelObj.obj
C:\Users\Kenny\Documents\IGRA-CA3-ADAM-KENNY\igra1\igra1\Debug\Node.obj
C:\Users\Kenny\Documents\IGRA-CA3-ADAM-KENNY\igra1\igra1\Debug\ShaderManager.obj
C:\Users\Kenny\Documents\IGRA-CA3-ADAM-KENNY\igra1\igra1\Debug\Terrain.obj
C:\Users\Kenny\Documents\IGRA-CA3-ADAM-KENNY\igra1\igra1\Debug\cl.command.1.tlog
C:\Users\Kenny\Documents\IGRA-CA3-ADAM-KENNY\igra1\igra1\Debug\CL.read.1.tlog
C:\Users\Kenny\Documents\IGRA-CA3-ADAM-KENNY\igra1\igra1\Debug\CL.write.1.tlog
C:\Users\Kenny\Documents\IGRA-CA3-ADAM-KENNY\igra1\igra1\Debug\FXC.command.1.tlog
C:\Users\Kenny\Documents\IGRA-CA3-ADAM-KENNY\igra1\igra1\Debug\fxc.read.1.tlog
C:\Users\Kenny\Documents\IGRA-CA3-ADAM-KENNY\igra1\igra1\Debug\fxc.write.1.tlog
C:\Users\Kenny\Documents\IGRA-CA3-ADAM-KENNY\igra1\igra1\Debug\igra1.write.1.tlog
C:\Users\Kenny\Documents\IGRA-CA3-ADAM-KENNY\igra1\igra1\Debug\Lib-link.read.1.tlog
C:\Users\Kenny\Documents\IGRA-CA3-ADAM-KENNY\igra1\igra1\Debug\Lib-link.write.1.tlog
C:\Users\Kenny\Documents\IGRA-CA3-ADAM-KENNY\igra1\igra1\Debug\lib.command.1.tlog
C:\Users\Kenny\Documents\IGRA-CA3-ADAM-KENNY\igra1\igra1\Debug\vc110.idb
C:\Users\Kenny\Documents\IGRA-CA3-ADAM-KENNY\igra1\igra1\Debug\vc110.pdb
C:\Users\Kenny\Documents\IGRA-CA3-ADAM-KENNY\igra1\Debug\igra1.lib
