C:\USERS\USER\DESKTOP\SINGAPORE POLYTECHNIC\YEAR 2(CURRENT)\SEMESTER 2(CURRENT)\IGRA\CA3\IGRA1\TASK10\DEBUG\TASK10.OBJ
C:\USERS\USER\DESKTOP\SINGAPORE POLYTECHNIC\YEAR 2(CURRENT)\SEMESTER 2(CURRENT)\IGRA\CA3\IGRA1\TASK10\DEBUG\VC110.PDB
C:\USERS\USER\DESKTOP\SINGAPORE POLYTECHNIC\YEAR 2(CURRENT)\SEMESTER 2(CURRENT)\IGRA\CA3\IGRA1\DEBUG\TASK10.ILK
C:\USERS\USER\DESKTOP\SINGAPORE POLYTECHNIC\YEAR 2(CURRENT)\SEMESTER 2(CURRENT)\IGRA\CA3\IGRA1\DEBUG\TASK10.EXE
C:\USERS\USER\DESKTOP\SINGAPORE POLYTECHNIC\YEAR 2(CURRENT)\SEMESTER 2(CURRENT)\IGRA\CA3\IGRA1\DEBUG\TASK10.PDB
C:\Users\user\Desktop\Singapore Polytechnic\Year 2(Current)\Semester 2(Current)\IGRA\CA3\igra1\Task10\Debug\Task10.obj
C:\Users\user\Desktop\Singapore Polytechnic\Year 2(Current)\Semester 2(Current)\IGRA\CA3\igra1\Task10\Debug\cl.command.1.tlog
C:\Users\user\Desktop\Singapore Polytechnic\Year 2(Current)\Semester 2(Current)\IGRA\CA3\igra1\Task10\Debug\CL.read.1.tlog
C:\Users\user\Desktop\Singapore Polytechnic\Year 2(Current)\Semester 2(Current)\IGRA\CA3\igra1\Task10\Debug\CL.write.1.tlog
C:\Users\user\Desktop\Singapore Polytechnic\Year 2(Current)\Semester 2(Current)\IGRA\CA3\igra1\Task10\Debug\link-cvtres.read.1.tlog
C:\Users\user\Desktop\Singapore Polytechnic\Year 2(Current)\Semester 2(Current)\IGRA\CA3\igra1\Task10\Debug\link-cvtres.write.1.tlog
C:\Users\user\Desktop\Singapore Polytechnic\Year 2(Current)\Semester 2(Current)\IGRA\CA3\igra1\Task10\Debug\link-rc.read.1.tlog
C:\Users\user\Desktop\Singapore Polytechnic\Year 2(Current)\Semester 2(Current)\IGRA\CA3\igra1\Task10\Debug\link-rc.write.1.tlog
C:\Users\user\Desktop\Singapore Polytechnic\Year 2(Current)\Semester 2(Current)\IGRA\CA3\igra1\Task10\Debug\link.command.1.tlog
C:\Users\user\Desktop\Singapore Polytechnic\Year 2(Current)\Semester 2(Current)\IGRA\CA3\igra1\Task10\Debug\link.read.1.tlog
C:\Users\user\Desktop\Singapore Polytechnic\Year 2(Current)\Semester 2(Current)\IGRA\CA3\igra1\Task10\Debug\link.write.1.tlog
C:\Users\user\Desktop\Singapore Polytechnic\Year 2(Current)\Semester 2(Current)\IGRA\CA3\igra1\Task10\Debug\vc110.idb
C:\Users\user\Desktop\Singapore Polytechnic\Year 2(Current)\Semester 2(Current)\IGRA\CA3\igra1\Task10\Debug\vc110.pdb
C:\Users\user\Desktop\Singapore Polytechnic\Year 2(Current)\Semester 2(Current)\IGRA\CA3\igra1\Debug\Task10.pdb
C:\Users\user\Desktop\Singapore Polytechnic\Year 2(Current)\Semester 2(Current)\IGRA\CA3\igra1\Debug\Task10.exe
C:\Users\user\Desktop\Singapore Polytechnic\Year 2(Current)\Semester 2(Current)\IGRA\CA3\igra1\Debug\Task10.ilk
