D:\WORK\IGRA_CA3\IGRA1\TASK07\DEBUG\TASK7.OBJ
D:\WORK\IGRA_CA3\IGRA1\TASK07\DEBUG\VC110.PDB
D:\WORK\IGRA_CA3\IGRA1\DEBUG\TASK7.ILK
D:\WORK\IGRA_CA3\IGRA1\DEBUG\TASK7.EXE
D:\WORK\IGRA_CA3\IGRA1\DEBUG\TASK7.PDB
D:\Work\IGRA_CA3\igra1\Task07\Debug\Task7.vcxprojResolveAssemblyReference.cache
D:\Work\IGRA_CA3\igra1\Task07\Debug\Task7.obj
D:\Work\IGRA_CA3\igra1\Task07\Debug\cl.command.1.tlog
D:\Work\IGRA_CA3\igra1\Task07\Debug\CL.read.1.tlog
D:\Work\IGRA_CA3\igra1\Task07\Debug\CL.write.1.tlog
D:\Work\IGRA_CA3\igra1\Task07\Debug\link-cvtres.read.1.tlog
D:\Work\IGRA_CA3\igra1\Task07\Debug\link-cvtres.write.1.tlog
D:\Work\IGRA_CA3\igra1\Task07\Debug\link-rc.read.1.tlog
D:\Work\IGRA_CA3\igra1\Task07\Debug\link-rc.write.1.tlog
D:\Work\IGRA_CA3\igra1\Task07\Debug\link.3176-cvtres.read.1.tlog
D:\Work\IGRA_CA3\igra1\Task07\Debug\link.3176-cvtres.write.1.tlog
D:\Work\IGRA_CA3\igra1\Task07\Debug\link.3176-rc.read.1.tlog
D:\Work\IGRA_CA3\igra1\Task07\Debug\link.3176-rc.write.1.tlog
D:\Work\IGRA_CA3\igra1\Task07\Debug\link.3176.read.1.tlog
D:\Work\IGRA_CA3\igra1\Task07\Debug\link.3176.write.1.tlog
D:\Work\IGRA_CA3\igra1\Task07\Debug\link.command.1.tlog
D:\Work\IGRA_CA3\igra1\Task07\Debug\link.read.1.tlog
D:\Work\IGRA_CA3\igra1\Task07\Debug\link.write.1.tlog
D:\Work\IGRA_CA3\igra1\Task07\Debug\vc110.idb
D:\Work\IGRA_CA3\igra1\Task07\Debug\vc110.pdb
D:\Work\IGRA_CA3\igra1\Debug\Task7.pdb
D:\Work\IGRA_CA3\igra1\Debug\Task7.exe
D:\Work\IGRA_CA3\igra1\Debug\Task7.ilk
