D:\WORK\CA3\IGRA1\DIRECTXTK\BIN\DESKTOP_2012\WIN32\DEBUG\DIRECTXTK.PCH
D:\WORK\CA3\IGRA1\DIRECTXTK\BIN\DESKTOP_2012\WIN32\DEBUG\PCH.OBJ
D:\WORK\CA3\IGRA1\DIRECTXTK\BIN\DESKTOP_2012\WIN32\DEBUG\DIRECTXTK.PDB
D:\WORK\CA3\IGRA1\DIRECTXTK\BIN\DESKTOP_2012\WIN32\DEBUG\COMMONSTATES.OBJ
D:\WORK\CA3\IGRA1\DIRECTXTK\BIN\DESKTOP_2012\WIN32\DEBUG\DDSTEXTURELOADER.OBJ
D:\WORK\CA3\IGRA1\DIRECTXTK\BIN\DESKTOP_2012\WIN32\DEBUG\DGSLEFFECT.OBJ
D:\WORK\CA3\IGRA1\DIRECTXTK\BIN\DESKTOP_2012\WIN32\DEBUG\DGSLEFFECTFACTORY.OBJ
D:\WORK\CA3\IGRA1\DIRECTXTK\BIN\DESKTOP_2012\WIN32\DEBUG\DUALTEXTUREEFFECT.OBJ
D:\WORK\CA3\IGRA1\DIRECTXTK\BIN\DESKTOP_2012\WIN32\DEBUG\BINARYREADER.OBJ
D:\WORK\CA3\IGRA1\DIRECTXTK\BIN\DESKTOP_2012\WIN32\DEBUG\EFFECTCOMMON.OBJ
D:\WORK\CA3\IGRA1\DIRECTXTK\BIN\DESKTOP_2012\WIN32\DEBUG\EFFECTFACTORY.OBJ
D:\WORK\CA3\IGRA1\DIRECTXTK\BIN\DESKTOP_2012\WIN32\DEBUG\ENVIRONMENTMAPEFFECT.OBJ
D:\WORK\CA3\IGRA1\DIRECTXTK\BIN\DESKTOP_2012\WIN32\DEBUG\GEOMETRICPRIMITIVE.OBJ
D:\WORK\CA3\IGRA1\DIRECTXTK\BIN\DESKTOP_2012\WIN32\DEBUG\MODEL.OBJ
D:\WORK\CA3\IGRA1\DIRECTXTK\BIN\DESKTOP_2012\WIN32\DEBUG\MODELLOADCMO.OBJ
D:\WORK\CA3\IGRA1\DIRECTXTK\BIN\DESKTOP_2012\WIN32\DEBUG\MODELLOADSDKMESH.OBJ
D:\WORK\CA3\IGRA1\DIRECTXTK\BIN\DESKTOP_2012\WIN32\DEBUG\SCREENGRAB.OBJ
D:\WORK\CA3\IGRA1\DIRECTXTK\BIN\DESKTOP_2012\WIN32\DEBUG\SKINNEDEFFECT.OBJ
D:\WORK\CA3\IGRA1\DIRECTXTK\BIN\DESKTOP_2012\WIN32\DEBUG\SPRITEBATCH.OBJ
D:\WORK\CA3\IGRA1\DIRECTXTK\BIN\DESKTOP_2012\WIN32\DEBUG\PRIMITIVEBATCH.OBJ
D:\WORK\CA3\IGRA1\DIRECTXTK\BIN\DESKTOP_2012\WIN32\DEBUG\SPRITEFONT.OBJ
D:\WORK\CA3\IGRA1\DIRECTXTK\BIN\DESKTOP_2012\WIN32\DEBUG\VERTEXTYPES.OBJ
D:\WORK\CA3\IGRA1\DIRECTXTK\BIN\DESKTOP_2012\WIN32\DEBUG\WICTEXTURELOADER.OBJ
D:\WORK\CA3\IGRA1\DIRECTXTK\BIN\DESKTOP_2012\WIN32\DEBUG\ALPHATESTEFFECT.OBJ
D:\WORK\CA3\IGRA1\DIRECTXTK\BIN\DESKTOP_2012\WIN32\DEBUG\BASICEFFECT.OBJ
D:\WORK\CA3\IGRA1\DIRECTXTK\BIN\DESKTOP_2012\WIN32\DEBUG\DIRECTXTK.LIB
D:\Work\CA3\igra1\DirectXTK\Bin\Desktop_2012\Win32\Debug\AlphaTestEffect.obj
D:\Work\CA3\igra1\DirectXTK\Bin\Desktop_2012\Win32\Debug\BasicEffect.obj
D:\Work\CA3\igra1\DirectXTK\Bin\Desktop_2012\Win32\Debug\BinaryReader.obj
D:\Work\CA3\igra1\DirectXTK\Bin\Desktop_2012\Win32\Debug\CommonStates.obj
D:\Work\CA3\igra1\DirectXTK\Bin\Desktop_2012\Win32\Debug\DDSTextureLoader.obj
D:\Work\CA3\igra1\DirectXTK\Bin\Desktop_2012\Win32\Debug\DGSLEffect.obj
D:\Work\CA3\igra1\DirectXTK\Bin\Desktop_2012\Win32\Debug\DGSLEffectFactory.obj
D:\Work\CA3\igra1\DirectXTK\Bin\Desktop_2012\Win32\Debug\DualTextureEffect.obj
D:\Work\CA3\igra1\DirectXTK\Bin\Desktop_2012\Win32\Debug\EffectCommon.obj
D:\Work\CA3\igra1\DirectXTK\Bin\Desktop_2012\Win32\Debug\EffectFactory.obj
D:\Work\CA3\igra1\DirectXTK\Bin\Desktop_2012\Win32\Debug\EnvironmentMapEffect.obj
D:\Work\CA3\igra1\DirectXTK\Bin\Desktop_2012\Win32\Debug\GeometricPrimitive.obj
D:\Work\CA3\igra1\DirectXTK\Bin\Desktop_2012\Win32\Debug\Model.obj
D:\Work\CA3\igra1\DirectXTK\Bin\Desktop_2012\Win32\Debug\ModelLoadCMO.obj
D:\Work\CA3\igra1\DirectXTK\Bin\Desktop_2012\Win32\Debug\ModelLoadSDKMESH.obj
D:\Work\CA3\igra1\DirectXTK\Bin\Desktop_2012\Win32\Debug\pch.obj
D:\Work\CA3\igra1\DirectXTK\Bin\Desktop_2012\Win32\Debug\PrimitiveBatch.obj
D:\Work\CA3\igra1\DirectXTK\Bin\Desktop_2012\Win32\Debug\ScreenGrab.obj
D:\Work\CA3\igra1\DirectXTK\Bin\Desktop_2012\Win32\Debug\SkinnedEffect.obj
D:\Work\CA3\igra1\DirectXTK\Bin\Desktop_2012\Win32\Debug\SpriteBatch.obj
D:\Work\CA3\igra1\DirectXTK\Bin\Desktop_2012\Win32\Debug\SpriteFont.obj
D:\Work\CA3\igra1\DirectXTK\Bin\Desktop_2012\Win32\Debug\VertexTypes.obj
D:\Work\CA3\igra1\DirectXTK\Bin\Desktop_2012\Win32\Debug\WICTextureLoader.obj
D:\Work\CA3\igra1\DirectXTK\Bin\Desktop_2012\Win32\Debug\cl.command.1.tlog
D:\Work\CA3\igra1\DirectXTK\Bin\Desktop_2012\Win32\Debug\CL.read.1.tlog
D:\Work\CA3\igra1\DirectXTK\Bin\Desktop_2012\Win32\Debug\CL.write.1.tlog
D:\Work\CA3\igra1\DirectXTK\Bin\Desktop_2012\Win32\Debug\Lib-link.read.1.tlog
D:\Work\CA3\igra1\DirectXTK\Bin\Desktop_2012\Win32\Debug\Lib-link.write.1.tlog
D:\Work\CA3\igra1\DirectXTK\Bin\Desktop_2012\Win32\Debug\lib.command.1.tlog
D:\Work\CA3\igra1\DirectXTK\Bin\Desktop_2012\Win32\Debug\DirectXTK.pch
D:\Work\CA3\igra1\DirectXTK\Bin\Desktop_2012\Win32\Debug\DirectXTK.idb
D:\Work\CA3\igra1\DirectXTK\Bin\Desktop_2012\Win32\Debug\directxtk.pdb
D:\Work\CA3\igra1\DirectXTK\Bin\Desktop_2012\Win32\Debug\DirectXTK.lib
