  pch.cpp
  WICTextureLoader.cpp
  VertexTypes.cpp
  SpriteFont.cpp
  PrimitiveBatch.cpp
  SpriteBatch.cpp
  SkinnedEffect.cpp
  ScreenGrab.cpp
  ModelLoadSDKMESH.cpp
  ModelLoadCMO.cpp
  Model.cpp
  GeometricPrimitive.cpp
  EnvironmentMapEffect.cpp
  EffectFactory.cpp
  EffectCommon.cpp
  BinaryReader.cpp
  DualTextureEffect.cpp
  DGSLEffectFactory.cpp
  DGSLEffect.cpp
  DDSTextureLoader.cpp
  CommonStates.cpp
  Generating Code...
  Compiling...
  BasicEffect.cpp
  AlphaTestEffect.cpp
  Generating Code...
  DirectXTK_Desktop_2012.vcxproj -> C:\Users\user\Desktop\Singapore Polytechnic\Year 2(Current)\Semester 2(Current)\IGRA\CA3\igra1\DirectXTK\Bin\Desktop_2012\Win32\Debug\DirectXTK.lib
