C:\USERS\USER\DESKTOP\SINGAPORE POLYTECHNIC\YEAR 2(CURRENT)\SEMESTER 2(CURRENT)\IGRA\TEMP\IGRA1\TASK09\DEBUG\TASK9.OBJ
C:\USERS\USER\DESKTOP\SINGAPORE POLYTECHNIC\YEAR 2(CURRENT)\SEMESTER 2(CURRENT)\IGRA\TEMP\IGRA1\TASK09\DEBUG\VC110.PDB
C:\USERS\USER\DESKTOP\SINGAPORE POLYTECHNIC\YEAR 2(CURRENT)\SEMESTER 2(CURRENT)\IGRA\TEMP\IGRA1\DEBUG\TASK9.ILK
C:\USERS\USER\DESKTOP\SINGAPORE POLYTECHNIC\YEAR 2(CURRENT)\SEMESTER 2(CURRENT)\IGRA\TEMP\IGRA1\DEBUG\TASK9.EXE
C:\USERS\USER\DESKTOP\SINGAPORE POLYTECHNIC\YEAR 2(CURRENT)\SEMESTER 2(CURRENT)\IGRA\TEMP\IGRA1\DEBUG\TASK9.PDB
C:\Users\user\Desktop\Singapore Polytechnic\Year 2(Current)\Semester 2(Current)\IGRA\Temp\igra1\Task09\Debug\Task9.vcxprojResolveAssemblyReference.cache
C:\Users\user\Desktop\Singapore Polytechnic\Year 2(Current)\Semester 2(Current)\IGRA\Temp\igra1\Task09\Debug\Task9.obj
C:\Users\user\Desktop\Singapore Polytechnic\Year 2(Current)\Semester 2(Current)\IGRA\Temp\igra1\Task09\Debug\cl.command.1.tlog
C:\Users\user\Desktop\Singapore Polytechnic\Year 2(Current)\Semester 2(Current)\IGRA\Temp\igra1\Task09\Debug\CL.read.1.tlog
C:\Users\user\Desktop\Singapore Polytechnic\Year 2(Current)\Semester 2(Current)\IGRA\Temp\igra1\Task09\Debug\CL.write.1.tlog
C:\Users\user\Desktop\Singapore Polytechnic\Year 2(Current)\Semester 2(Current)\IGRA\Temp\igra1\Task09\Debug\link-cvtres.read.1.tlog
C:\Users\user\Desktop\Singapore Polytechnic\Year 2(Current)\Semester 2(Current)\IGRA\Temp\igra1\Task09\Debug\link-cvtres.write.1.tlog
C:\Users\user\Desktop\Singapore Polytechnic\Year 2(Current)\Semester 2(Current)\IGRA\Temp\igra1\Task09\Debug\link-rc.read.1.tlog
C:\Users\user\Desktop\Singapore Polytechnic\Year 2(Current)\Semester 2(Current)\IGRA\Temp\igra1\Task09\Debug\link-rc.write.1.tlog
C:\Users\user\Desktop\Singapore Polytechnic\Year 2(Current)\Semester 2(Current)\IGRA\Temp\igra1\Task09\Debug\link.7644-cvtres.read.1.tlog
C:\Users\user\Desktop\Singapore Polytechnic\Year 2(Current)\Semester 2(Current)\IGRA\Temp\igra1\Task09\Debug\link.7644-cvtres.write.1.tlog
C:\Users\user\Desktop\Singapore Polytechnic\Year 2(Current)\Semester 2(Current)\IGRA\Temp\igra1\Task09\Debug\link.7644-rc.read.1.tlog
C:\Users\user\Desktop\Singapore Polytechnic\Year 2(Current)\Semester 2(Current)\IGRA\Temp\igra1\Task09\Debug\link.7644-rc.write.1.tlog
C:\Users\user\Desktop\Singapore Polytechnic\Year 2(Current)\Semester 2(Current)\IGRA\Temp\igra1\Task09\Debug\link.7644.read.1.tlog
C:\Users\user\Desktop\Singapore Polytechnic\Year 2(Current)\Semester 2(Current)\IGRA\Temp\igra1\Task09\Debug\link.7644.write.1.tlog
C:\Users\user\Desktop\Singapore Polytechnic\Year 2(Current)\Semester 2(Current)\IGRA\Temp\igra1\Task09\Debug\link.command.1.tlog
C:\Users\user\Desktop\Singapore Polytechnic\Year 2(Current)\Semester 2(Current)\IGRA\Temp\igra1\Task09\Debug\link.read.1.tlog
C:\Users\user\Desktop\Singapore Polytechnic\Year 2(Current)\Semester 2(Current)\IGRA\Temp\igra1\Task09\Debug\link.write.1.tlog
C:\Users\user\Desktop\Singapore Polytechnic\Year 2(Current)\Semester 2(Current)\IGRA\Temp\igra1\Task09\Debug\vc110.idb
C:\Users\user\Desktop\Singapore Polytechnic\Year 2(Current)\Semester 2(Current)\IGRA\Temp\igra1\Task09\Debug\vc110.pdb
C:\Users\user\Desktop\Singapore Polytechnic\Year 2(Current)\Semester 2(Current)\IGRA\Temp\igra1\Debug\Task9.pdb
C:\Users\user\Desktop\Singapore Polytechnic\Year 2(Current)\Semester 2(Current)\IGRA\Temp\igra1\Debug\Task9.exe
C:\Users\user\Desktop\Singapore Polytechnic\Year 2(Current)\Semester 2(Current)\IGRA\Temp\igra1\Debug\Task9.ilk
