C:\USERS\KENNY\DOCUMENTS\IGRA-CA3-ADAM-KENNY\IGRA1\TASK09\DEBUG\TASK9.OBJ
C:\USERS\KENNY\DOCUMENTS\IGRA-CA3-ADAM-KENNY\IGRA1\TASK09\DEBUG\VC110.PDB
C:\USERS\KENNY\DOCUMENTS\IGRA-CA3-ADAM-KENNY\IGRA1\DEBUG\TASK9.ILK
C:\USERS\KENNY\DOCUMENTS\IGRA-CA3-ADAM-KENNY\IGRA1\DEBUG\TASK9.EXE
C:\USERS\KENNY\DOCUMENTS\IGRA-CA3-ADAM-KENNY\IGRA1\DEBUG\TASK9.PDB
C:\Users\Kenny\Documents\IGRA-CA3-ADAM-KENNY\igra1\Task09\Debug\Task9.vcxprojResolveAssemblyReference.cache
C:\Users\Kenny\Documents\IGRA-CA3-ADAM-KENNY\igra1\Task09\Debug\Task9.obj
C:\Users\Kenny\Documents\IGRA-CA3-ADAM-KENNY\igra1\Task09\Debug\cl.command.1.tlog
C:\Users\Kenny\Documents\IGRA-CA3-ADAM-KENNY\igra1\Task09\Debug\CL.read.1.tlog
C:\Users\Kenny\Documents\IGRA-CA3-ADAM-KENNY\igra1\Task09\Debug\CL.write.1.tlog
C:\Users\Kenny\Documents\IGRA-CA3-ADAM-KENNY\igra1\Task09\Debug\link-cvtres.read.1.tlog
C:\Users\Kenny\Documents\IGRA-CA3-ADAM-KENNY\igra1\Task09\Debug\link-cvtres.write.1.tlog
C:\Users\Kenny\Documents\IGRA-CA3-ADAM-KENNY\igra1\Task09\Debug\link-rc.read.1.tlog
C:\Users\Kenny\Documents\IGRA-CA3-ADAM-KENNY\igra1\Task09\Debug\link-rc.write.1.tlog
C:\Users\Kenny\Documents\IGRA-CA3-ADAM-KENNY\igra1\Task09\Debug\link.command.1.tlog
C:\Users\Kenny\Documents\IGRA-CA3-ADAM-KENNY\igra1\Task09\Debug\link.read.1.tlog
C:\Users\Kenny\Documents\IGRA-CA3-ADAM-KENNY\igra1\Task09\Debug\link.write.1.tlog
C:\Users\Kenny\Documents\IGRA-CA3-ADAM-KENNY\igra1\Task09\Debug\vc110.idb
C:\Users\Kenny\Documents\IGRA-CA3-ADAM-KENNY\igra1\Task09\Debug\vc110.pdb
C:\Users\Kenny\Documents\IGRA-CA3-ADAM-KENNY\igra1\Debug\Task9.pdb
C:\Users\Kenny\Documents\IGRA-CA3-ADAM-KENNY\igra1\Debug\Task9.exe
C:\Users\Kenny\Documents\IGRA-CA3-ADAM-KENNY\igra1\Debug\Task9.ilk
